  bed.cpp
C:\Users\furno\source\repos\oop_laba_2\laba\bed.cpp(13,28): warning C4244: =: преобразование "double" в "int", возможна потеря данных
C:\Users\furno\source\repos\oop_laba_2\laba\bed.cpp(19,38): warning C4244: =: преобразование "double" в "int", возможна потеря данных
  chair.cpp
C:\Users\furno\source\repos\oop_laba_2\laba\chair.cpp(15,28): warning C4244: =: преобразование "double" в "int", возможна потеря данных
  closet.cpp
C:\Users\furno\source\repos\oop_laba_2\laba\closet.cpp(11,29): warning C4244: =: преобразование "double" в "int", возможна потеря данных
  cupboard.cpp
C:\Users\furno\source\repos\oop_laba_2\laba\cupboard.cpp(13,31): warning C4244: =: преобразование "double" в "int", возможна потеря данных
  furniture.cpp
  printer.cpp
  secretaire.cpp
  table.cpp
C:\Users\furno\source\repos\oop_laba_2\laba\table.cpp(13,28): warning C4244: =: преобразование "double" в "int", возможна потеря данных
C:\Users\furno\source\repos\oop_laba_2\laba\table.cpp(24,32): warning C4244: =: преобразование "double" в "int", возможна потеря данных
  tableTransformer.cpp
C:\Users\furno\source\repos\oop_laba_2\laba\tableTransformer.cpp(15,40): warning C4244: =: преобразование "double" в "int", возможна потеря данных
  menu.cpp
  Создание кода...
  oop_laba_2.vcxproj -> C:\Users\furno\source\repos\oop_laba_2\Debug\oop_laba_2.exe
